execve("./server", ["./server"], 0x7ffdaa676f90 /* 15 vars */) = 0
brk(NULL)                               = 0x557faa4af000
access("/etc/ld.so.preload", R_OK)      = -1 ENOENT (Нет такого файла или каталога)
openat(AT_FDCWD, "/etc/ld.so.cache", O_RDONLY|O_CLOEXEC) = 3
fstat(3, {st_mode=S_IFREG|0644, st_size=90716, ...}) = 0
mmap(NULL, 90716, PROT_READ, MAP_PRIVATE, 3, 0) = 0x7f7a11732000
close(3)                                = 0
openat(AT_FDCWD, "/lib/x86_64-linux-gnu/libc.so.6", O_RDONLY|O_CLOEXEC) = 3
read(3, "\177ELF\2\1\1\3\0\0\0\0\0\0\0\0\3\0>\0\1\0\0\0\260A\2\0\0\0\0\0"..., 832) = 832
fstat(3, {st_mode=S_IFREG|0755, st_size=1824496, ...}) = 0
mmap(NULL, 8192, PROT_READ|PROT_WRITE, MAP_PRIVATE|MAP_ANONYMOUS, -1, 0) = 0x7f7a11730000
mmap(NULL, 1837056, PROT_READ, MAP_PRIVATE|MAP_DENYWRITE, 3, 0) = 0x7f7a1156f000
mprotect(0x7f7a11591000, 1658880, PROT_NONE) = 0
mmap(0x7f7a11591000, 1343488, PROT_READ|PROT_EXEC, MAP_PRIVATE|MAP_FIXED|MAP_DENYWRITE, 3, 0x22000) = 0x7f7a11591000
mmap(0x7f7a116d9000, 311296, PROT_READ, MAP_PRIVATE|MAP_FIXED|MAP_DENYWRITE, 3, 0x16a000) = 0x7f7a116d9000
mmap(0x7f7a11726000, 24576, PROT_READ|PROT_WRITE, MAP_PRIVATE|MAP_FIXED|MAP_DENYWRITE, 3, 0x1b6000) = 0x7f7a11726000
mmap(0x7f7a1172c000, 14336, PROT_READ|PROT_WRITE, MAP_PRIVATE|MAP_FIXED|MAP_ANONYMOUS, -1, 0) = 0x7f7a1172c000
close(3)                                = 0
arch_prctl(ARCH_SET_FS, 0x7f7a11731500) = 0
mprotect(0x7f7a11726000, 16384, PROT_READ) = 0
mprotect(0x557faa214000, 4096, PROT_READ) = 0
mprotect(0x7f7a11770000, 4096, PROT_READ) = 0
munmap(0x7f7a11732000, 90716)           = 0
socket(AF_INET, SOCK_STREAM, IPPROTO_TCP) = 3
bind(3, {sa_family=AF_INET, sin_port=htons(12345), sin_addr=inet_addr("0.0.0.0")}, 16) = 0
listen(3, 128)                          = 0
exit_group(0)                           = ?
+++ exited with 0 +++
